生成启动时间为 2018/1/24 20:32:52。
     1>项目“E:\Local Repositories\KAZE\KAZE_opencv\KAZE_master\KAZE_master.vcxproj”在节点 2 上(Build 个目标)。
     1>ClCompile:
         D:\program\vs\VC\bin\CL.exe /c /ZI /nologo /W3 /WX- /sdl /Od /Oy- /D _MBCS /Gm /EHsc /RTC1 /MDd /GS /fp:precise /Zc:wchar_t /Zc:forScope /Fo"Debug\\" /Fd"Debug\vc120.pdb" /Gd /TP /analyze- /errorReport:prompt kaze_match.cpp
         kaze_match.cpp
     1>e:\local repositories\kaze\kaze_opencv\kaze_master\kazeconfig.h(51): warning C4305: “=”: 从“double”到“float”截断
     1>e:\local repositories\kaze\kaze_opencv\kaze_master\kazeconfig.h(54): warning C4305: “=”: 从“double”到“float”截断
     1>e:\local repositories\kaze\kaze_opencv\kaze_master\kaze_match.cpp(29): warning C4305: “初始化”: 从“double”到“const float”截断
     1>e:\local repositories\kaze\kaze_opencv\kaze_master\kaze_match.cpp(51): warning C4305: “初始化”: 从“double”到“float”截断
     1>e:\local repositories\kaze\kaze_opencv\kaze_master\kaze_match.cpp(90): warning C4244: “参数”: 从“float”转换到“int”，可能丢失数据
     1>e:\local repositories\kaze\kaze_opencv\kaze_master\kaze_match.cpp(108): warning C4244: “=”: 从“int64”转换到“double”，可能丢失数据
     1>e:\local repositories\kaze\kaze_opencv\kaze_master\kaze_match.cpp(122): warning C4244: “=”: 从“int64”转换到“double”，可能丢失数据
     1>e:\local repositories\kaze\kaze_opencv\kaze_master\kaze_match.cpp(132): warning C4244: “=”: 从“int64”转换到“double”，可能丢失数据
     1>e:\local repositories\kaze\kaze_opencv\kaze_master\kaze_match.cpp(138): warning C4244: “=”: 从“int64”转换到“double”，可能丢失数据
     1>e:\local repositories\kaze\kaze_opencv\kaze_master\kaze_match.cpp(157): warning C4244: “=”: 从“double”转换到“float”，可能丢失数据
     1>e:\local repositories\kaze\kaze_opencv\kaze_master\kaze_match.cpp(180): warning C4018: “<”: 有符号/无符号不匹配
     1>e:\local repositories\kaze\kaze_opencv\kaze_master\kaze_match.cpp(192): warning C4244: “参数”: 从“double”转换到“float”，可能丢失数据
     1>e:\local repositories\kaze\kaze_opencv\kaze_master\kaze_match.cpp(160): warning C4101: “y22”: 未引用的局部变量
     1>e:\local repositories\kaze\kaze_opencv\kaze_master\kaze_match.cpp(160): warning C4101: “x22”: 未引用的局部变量
     1>e:\local repositories\kaze\kaze_opencv\kaze_master\kaze_match.cpp(262): warning C4244: “参数”: 从“int”转换到“float”，可能丢失数据
     1>e:\local repositories\kaze\kaze_opencv\kaze_master\kaze_match.cpp(306): warning C4244: “=”: 从“double”转换到“float”，可能丢失数据
     1>e:\local repositories\kaze\kaze_opencv\kaze_master\kaze_match.cpp(316): warning C4244: “=”: 从“double”转换到“int”，可能丢失数据
     1>e:\local repositories\kaze\kaze_opencv\kaze_master\kaze_match.cpp(326): warning C4244: “=”: 从“double”转换到“float”，可能丢失数据
     1>e:\local repositories\kaze\kaze_opencv\kaze_master\kaze_match.cpp(336): warning C4244: “=”: 从“double”转换到“float”，可能丢失数据
     1>e:\local repositories\kaze\kaze_opencv\kaze_master\kaze_match.cpp(379): warning C4800: “int”: 将值强制为布尔值“true”或“false”(性能警告)
     1>e:\local repositories\kaze\kaze_opencv\kaze_master\kaze_match.cpp(389): warning C4800: “int”: 将值强制为布尔值“true”或“false”(性能警告)
       Link:
         D:\program\vs\VC\bin\link.exe /ERRORREPORT:PROMPT /OUT:"E:\Local Repositories\KAZE\KAZE_opencv\Debug\KAZE_master.exe" /INCREMENTAL /NOLOGO opencv_ml2413d.lib opencv_calib3d2413d.lib opencv_contrib2413d.lib opencv_core2413d.lib opencv_features2d2413d.lib opencv_flann2413d.lib opencv_gpu2413d.lib opencv_highgui2413d.lib opencv_imgproc2413d.lib opencv_legacy2413d.lib opencv_objdetect2413d.lib opencv_ts2413d.lib opencv_video2413d.lib opencv_nonfree2413d.lib opencv_ocl2413d.lib opencv_photo2413d.lib opencv_stitching2413d.lib opencv_superres2413d.lib opencv_videostab2413d.lib kernel32.lib user32.lib gdi32.lib winspool.lib comdlg32.lib advapi32.lib shell32.lib ole32.lib oleaut32.lib uuid.lib odbc32.lib odbccp32.lib /MANIFEST /MANIFESTUAC:"level='asInvoker' uiAccess='false'" /manifest:embed /DEBUG /PDB:"E:\Local Repositories\KAZE\KAZE_opencv\Debug\KAZE_master.pdb" /TLBID:1 /DYNAMICBASE /NXCOMPAT /IMPLIB:"E:\Local Repositories\KAZE\KAZE_opencv\Debug\KAZE_master.lib" /MACHINE:X86 Debug\fed.obj
         Debug\KAZE.obj
         Debug\kaze_match.obj
         Debug\nldiffusion_functions.obj
         Debug\utils.obj
         KAZE_master.vcxproj -> E:\Local Repositories\KAZE\KAZE_opencv\Debug\KAZE_master.exe
     1>已完成生成项目“E:\Local Repositories\KAZE\KAZE_opencv\KAZE_master\KAZE_master.vcxproj”(Build 个目标)的操作。

生成成功。

已用时间 00:00:02.09
